[0.015s] Invoking command in '/home/mohan/assignment-ros2-c-publisher-node-mohansathiamoorthy007-cyber/build/ros2_publisher': CMAKE_PREFIX_PATH=${CMAKE_PREFIX_PATH}:/opt/ros/jazzy DEBUGINFOD_URLS=https://debuginfod.ubuntu.com /usr/bin/cmake /home/mohan/assignment-ros2-c-publisher-node-mohansathiamoorthy007-cyber -DCMAKE_INSTALL_PREFIX=/home/mohan/assignment-ros2-c-publisher-node-mohansathiamoorthy007-cyber/install/ros2_publisher
[0.101s] -- The C compiler identification is GNU 13.3.0
[0.188s] -- The CXX compiler identification is GNU 13.3.0
[0.213s] -- Detecting C compiler ABI info
[0.346s] -- Detecting C compiler ABI info - done
[0.362s] -- Check for working C compiler: /usr/bin/cc - skipped
[0.363s] -- Detecting C compile features
[0.363s] -- Detecting C compile features - done
[0.377s] -- Detecting CXX compiler ABI info
[0.529s] -- Detecting CXX compiler ABI info - done
[0.544s] -- Check for working CXX compiler: /usr/bin/c++ - skipped
[0.544s] -- Detecting CXX compile features
[0.545s] -- Detecting CXX compile features - done
[0.548s] -- Found ament_cmake: 2.5.4 (/opt/ros/jazzy/share/ament_cmake/cmake)
[0.770s] -- Found Python3: /usr/bin/python3 (found version "3.12.3") found components: Interpreter 
[0.913s] -- Found rclcpp: 28.1.13 (/opt/ros/jazzy/share/rclcpp/cmake)
[0.961s] -- Found rosidl_generator_c: 4.6.6 (/opt/ros/jazzy/share/rosidl_generator_c/cmake)
[0.976s] -- Found rosidl_generator_cpp: 4.6.6 (/opt/ros/jazzy/share/rosidl_generator_cpp/cmake)
[0.993s] -- Using all available rosidl_typesupport_c: rosidl_typesupport_fastrtps_c;rosidl_typesupport_introspection_c
[1.014s] -- Using all available rosidl_typesupport_cpp: rosidl_typesupport_fastrtps_cpp;rosidl_typesupport_introspection_cpp
[1.106s] -- Found rmw_implementation_cmake: 7.3.2 (/opt/ros/jazzy/share/rmw_implementation_cmake/cmake)
[1.109s] -- Found rmw_fastrtps_cpp: 8.4.3 (/opt/ros/jazzy/share/rmw_fastrtps_cpp/cmake)
[1.213s] -- Found OpenSSL: /usr/lib/x86_64-linux-gnu/libcrypto.so (found version "3.0.13")  
[1.245s] -- Found FastRTPS: /opt/ros/jazzy/include (Required is at least version "2.13") 
[1.286s] -- Using RMW implementation 'rmw_fastrtps_cpp' as default
[1.391s] -- Found std_msgs: 5.3.6 (/opt/ros/jazzy/share/std_msgs/cmake)
[1.523s] -- Configuring done (1.5s)
[1.534s] -- Generating done (0.0s)
[1.538s] -- Build files have been written to: /home/mohan/assignment-ros2-c-publisher-node-mohansathiamoorthy007-cyber/build/ros2_publisher
[1.552s] Invoked command in '/home/mohan/assignment-ros2-c-publisher-node-mohansathiamoorthy007-cyber/build/ros2_publisher' returned '0': CMAKE_PREFIX_PATH=${CMAKE_PREFIX_PATH}:/opt/ros/jazzy DEBUGINFOD_URLS=https://debuginfod.ubuntu.com /usr/bin/cmake /home/mohan/assignment-ros2-c-publisher-node-mohansathiamoorthy007-cyber -DCMAKE_INSTALL_PREFIX=/home/mohan/assignment-ros2-c-publisher-node-mohansathiamoorthy007-cyber/install/ros2_publisher
[1.554s] Invoking command in '/home/mohan/assignment-ros2-c-publisher-node-mohansathiamoorthy007-cyber/build/ros2_publisher': CMAKE_PREFIX_PATH=${CMAKE_PREFIX_PATH}:/opt/ros/jazzy DEBUGINFOD_URLS=https://debuginfod.ubuntu.com /usr/bin/cmake --build /home/mohan/assignment-ros2-c-publisher-node-mohansathiamoorthy007-cyber/build/ros2_publisher -- -j16 -l16
[1.646s] [ 50%] [32mBuilding CXX object CMakeFiles/publisher_node.dir/src/publisher_node.cpp.o[0m
[6.349s] [100%] [32m[1mLinking CXX executable publisher_node[0m
[6.604s] [100%] Built target publisher_node
[6.622s] Invoked command in '/home/mohan/assignment-ros2-c-publisher-node-mohansathiamoorthy007-cyber/build/ros2_publisher' returned '0': CMAKE_PREFIX_PATH=${CMAKE_PREFIX_PATH}:/opt/ros/jazzy DEBUGINFOD_URLS=https://debuginfod.ubuntu.com /usr/bin/cmake --build /home/mohan/assignment-ros2-c-publisher-node-mohansathiamoorthy007-cyber/build/ros2_publisher -- -j16 -l16
[6.638s] Invoking command in '/home/mohan/assignment-ros2-c-publisher-node-mohansathiamoorthy007-cyber/build/ros2_publisher': CMAKE_PREFIX_PATH=${CMAKE_PREFIX_PATH}:/opt/ros/jazzy DEBUGINFOD_URLS=https://debuginfod.ubuntu.com /usr/bin/cmake --install /home/mohan/assignment-ros2-c-publisher-node-mohansathiamoorthy007-cyber/build/ros2_publisher
[6.648s] -- Install configuration: ""
[6.649s] -- Installing: /home/mohan/assignment-ros2-c-publisher-node-mohansathiamoorthy007-cyber/install/ros2_publisher/lib/ros2_publisher/publisher_node
[6.650s] -- Set non-toolchain portion of runtime path of "/home/mohan/assignment-ros2-c-publisher-node-mohansathiamoorthy007-cyber/install/ros2_publisher/lib/ros2_publisher/publisher_node" to ""
[6.650s] -- Installing: /home/mohan/assignment-ros2-c-publisher-node-mohansathiamoorthy007-cyber/install/ros2_publisher/share/ament_index/resource_index/package_run_dependencies/ros2_publisher
[6.650s] -- Installing: /home/mohan/assignment-ros2-c-publisher-node-mohansathiamoorthy007-cyber/install/ros2_publisher/share/ament_index/resource_index/parent_prefix_path/ros2_publisher
[6.650s] -- Installing: /home/mohan/assignment-ros2-c-publisher-node-mohansathiamoorthy007-cyber/install/ros2_publisher/share/ros2_publisher/environment/ament_prefix_path.sh
[6.651s] -- Installing: /home/mohan/assignment-ros2-c-publisher-node-mohansathiamoorthy007-cyber/install/ros2_publisher/share/ros2_publisher/environment/ament_prefix_path.dsv
[6.651s] -- Installing: /home/mohan/assignment-ros2-c-publisher-node-mohansathiamoorthy007-cyber/install/ros2_publisher/share/ros2_publisher/environment/path.sh
[6.651s] -- Installing: /home/mohan/assignment-ros2-c-publisher-node-mohansathiamoorthy007-cyber/install/ros2_publisher/share/ros2_publisher/environment/path.dsv
[6.651s] -- Installing: /home/mohan/assignment-ros2-c-publisher-node-mohansathiamoorthy007-cyber/install/ros2_publisher/share/ros2_publisher/local_setup.bash
[6.651s] -- Installing: /home/mohan/assignment-ros2-c-publisher-node-mohansathiamoorthy007-cyber/install/ros2_publisher/share/ros2_publisher/local_setup.sh
[6.651s] -- Installing: /home/mohan/assignment-ros2-c-publisher-node-mohansathiamoorthy007-cyber/install/ros2_publisher/share/ros2_publisher/local_setup.zsh
[6.651s] -- Installing: /home/mohan/assignment-ros2-c-publisher-node-mohansathiamoorthy007-cyber/install/ros2_publisher/share/ros2_publisher/local_setup.dsv
[6.651s] -- Installing: /home/mohan/assignment-ros2-c-publisher-node-mohansathiamoorthy007-cyber/install/ros2_publisher/share/ros2_publisher/package.dsv
[6.652s] -- Installing: /home/mohan/assignment-ros2-c-publisher-node-mohansathiamoorthy007-cyber/install/ros2_publisher/share/ament_index/resource_index/packages/ros2_publisher
[6.652s] -- Installing: /home/mohan/assignment-ros2-c-publisher-node-mohansathiamoorthy007-cyber/install/ros2_publisher/share/ros2_publisher/cmake/ros2_publisherConfig.cmake
[6.652s] -- Installing: /home/mohan/assignment-ros2-c-publisher-node-mohansathiamoorthy007-cyber/install/ros2_publisher/share/ros2_publisher/cmake/ros2_publisherConfig-version.cmake
[6.652s] -- Installing: /home/mohan/assignment-ros2-c-publisher-node-mohansathiamoorthy007-cyber/install/ros2_publisher/share/ros2_publisher/package.xml
[6.654s] Invoked command in '/home/mohan/assignment-ros2-c-publisher-node-mohansathiamoorthy007-cyber/build/ros2_publisher' returned '0': CMAKE_PREFIX_PATH=${CMAKE_PREFIX_PATH}:/opt/ros/jazzy DEBUGINFOD_URLS=https://debuginfod.ubuntu.com /usr/bin/cmake --install /home/mohan/assignment-ros2-c-publisher-node-mohansathiamoorthy007-cyber/build/ros2_publisher
